<?xml version="1.0" encoding="UTF-8"?>
<!-- Generated by org.testng.reporters.JUnitXMLReporter -->
<testsuite hostname="DESKTOP-PJAL084" name="IETest" tests="6" failures="6" timestamp="13 Nov 2019 23:41:56 GMT" time="5.013" errors="0">
  <testcase name="feature" time="0.862" classname="com.cucumber.AutomationPractice.BatchRunnerTest">
    <failure type="cucumber.runtime.CucumberException" message="cucumber.runtime.CucumberException: Arity mismatch: Step Definition &amp;apos;com.cucumber.AutomationPractice.Test_Steps.i_navigate_to_the_homepage_of_automation_practice_website(String) in file:/C:/Users/USER/git/AutomationPractice/AutomationPractice/target/test-classes/&amp;apos; with pattern [^i navigate to the homepage of automation practice website$] is declared with 1 parameters. However, the gherkin step has 0 arguments []. 
Step: Given i navigate to the homepage of automation practice website">
      <![CDATA[cucumber.runtime.CucumberException: cucumber.runtime.CucumberException: Arity mismatch: Step Definition 'com.cucumber.AutomationPractice.Test_Steps.i_navigate_to_the_homepage_of_automation_practice_website(String) in file:/C:/Users/USER/git/AutomationPractice/AutomationPractice/target/test-classes/' with pattern [^i navigate to the homepage of automation practice website$] is declared with 1 parameters. However, the gherkin step has 0 arguments []. 
Step: Given i navigate to the homepage of automation practice website
	at cucumber.api.testng.TestNGCucumberRunner.runCucumber(TestNGCucumberRunner.java:69)
	at cucumber.api.testng.AbstractTestNGCucumberTests.feature(AbstractTestNGCucumberTests.java:21)
	at java.util.concurrent.FutureTask.run(FutureTask.java:266)
	at java.util.concurrent.ThreadPoolExecutor.runWorker(ThreadPoolExecutor.java:1149)
	at java.util.concurrent.ThreadPoolExecutor$Worker.run(ThreadPoolExecutor.java:624)
	at java.lang.Thread.run(Thread.java:748)
Caused by: cucumber.runtime.CucumberException: Arity mismatch: Step Definition 'com.cucumber.AutomationPractice.Test_Steps.i_navigate_to_the_homepage_of_automation_practice_website(String) in file:/C:/Users/USER/git/AutomationPractice/AutomationPractice/target/test-classes/' with pattern [^i navigate to the homepage of automation practice website$] is declared with 1 parameters. However, the gherkin step has 0 arguments []. 
Step: Given i navigate to the homepage of automation practice website
	at cucumber.runtime.StepDefinitionMatch.arityMismatch(StepDefinitionMatch.java:102)
	at cucumber.runtime.StepDefinitionMatch.transformedArgs(StepDefinitionMatch.java:60)
	at cucumber.runtime.StepDefinitionMatch.runStep(StepDefinitionMatch.java:37)
	at cucumber.runtime.Runtime.runStep(Runtime.java:300)
	at cucumber.runtime.model.StepContainer.runStep(StepContainer.java:44)
	at cucumber.runtime.model.StepContainer.runSteps(StepContainer.java:39)
	at cucumber.runtime.model.CucumberScenario.runBackground(CucumberScenario.java:59)
	at cucumber.runtime.model.CucumberScenario.run(CucumberScenario.java:42)
	at cucumber.runtime.model.CucumberFeature.run(CucumberFeature.java:165)
	at cucumber.api.testng.TestNGCucumberRunner.runCucumber(TestNGCucumberRunner.java:63)
	... 21 more
... Removed 16 stack frames]]>
    </failure>
  </testcase> <!-- feature -->
  <testcase name="feature" time="0.068" classname="com.cucumber.AutomationPractice.BatchRunnerTest">
    <failure type="cucumber.runtime.CucumberException" message="cucumber.runtime.CucumberException: Arity mismatch: Step Definition &amp;apos;com.cucumber.AutomationPractice.Test_Steps.i_navigate_to_the_homepage_of_automation_practice_website(String) in file:/C:/Users/USER/git/AutomationPractice/AutomationPractice/target/test-classes/&amp;apos; with pattern [^i navigate to the homepage of automation practice website$] is declared with 1 parameters. However, the gherkin step has 0 arguments []. 
Step: Given i navigate to the homepage of automation practice website">
      <![CDATA[cucumber.runtime.CucumberException: cucumber.runtime.CucumberException: Arity mismatch: Step Definition 'com.cucumber.AutomationPractice.Test_Steps.i_navigate_to_the_homepage_of_automation_practice_website(String) in file:/C:/Users/USER/git/AutomationPractice/AutomationPractice/target/test-classes/' with pattern [^i navigate to the homepage of automation practice website$] is declared with 1 parameters. However, the gherkin step has 0 arguments []. 
Step: Given i navigate to the homepage of automation practice website
	at cucumber.api.testng.TestNGCucumberRunner.runCucumber(TestNGCucumberRunner.java:69)
	at cucumber.api.testng.AbstractTestNGCucumberTests.feature(AbstractTestNGCucumberTests.java:21)
	at java.util.concurrent.FutureTask.run(FutureTask.java:266)
	at java.util.concurrent.ThreadPoolExecutor.runWorker(ThreadPoolExecutor.java:1149)
	at java.util.concurrent.ThreadPoolExecutor$Worker.run(ThreadPoolExecutor.java:624)
	at java.lang.Thread.run(Thread.java:748)
Caused by: cucumber.runtime.CucumberException: Arity mismatch: Step Definition 'com.cucumber.AutomationPractice.Test_Steps.i_navigate_to_the_homepage_of_automation_practice_website(String) in file:/C:/Users/USER/git/AutomationPractice/AutomationPractice/target/test-classes/' with pattern [^i navigate to the homepage of automation practice website$] is declared with 1 parameters. However, the gherkin step has 0 arguments []. 
Step: Given i navigate to the homepage of automation practice website
	at cucumber.runtime.StepDefinitionMatch.arityMismatch(StepDefinitionMatch.java:102)
	at cucumber.runtime.StepDefinitionMatch.transformedArgs(StepDefinitionMatch.java:60)
	at cucumber.runtime.StepDefinitionMatch.runStep(StepDefinitionMatch.java:37)
	at cucumber.runtime.Runtime.runStep(Runtime.java:300)
	at cucumber.runtime.model.StepContainer.runStep(StepContainer.java:44)
	at cucumber.runtime.model.StepContainer.runSteps(StepContainer.java:39)
	at cucumber.runtime.model.CucumberScenario.runBackground(CucumberScenario.java:59)
	at cucumber.runtime.model.CucumberScenario.run(CucumberScenario.java:42)
	at cucumber.runtime.model.CucumberFeature.run(CucumberFeature.java:165)
	at cucumber.api.testng.TestNGCucumberRunner.runCucumber(TestNGCucumberRunner.java:63)
	... 21 more
... Removed 16 stack frames]]>
    </failure>
  </testcase> <!-- feature -->
  <testcase name="feature" time="0.486" classname="com.cucumber.AutomationPractice.BatchRunnerTest">
    <failure type="cucumber.runtime.CucumberException" message="cucumber.runtime.CucumberException: Arity mismatch: Step Definition &amp;apos;com.cucumber.AutomationPractice.Test_Steps.i_navigate_to_the_homepage_of_automation_practice_website(String) in file:/C:/Users/USER/git/AutomationPractice/AutomationPractice/target/test-classes/&amp;apos; with pattern [^i navigate to the homepage of automation practice website$] is declared with 1 parameters. However, the gherkin step has 0 arguments []. 
Step: Given i navigate to the homepage of automation practice website">
      <![CDATA[cucumber.runtime.CucumberException: cucumber.runtime.CucumberException: Arity mismatch: Step Definition 'com.cucumber.AutomationPractice.Test_Steps.i_navigate_to_the_homepage_of_automation_practice_website(String) in file:/C:/Users/USER/git/AutomationPractice/AutomationPractice/target/test-classes/' with pattern [^i navigate to the homepage of automation practice website$] is declared with 1 parameters. However, the gherkin step has 0 arguments []. 
Step: Given i navigate to the homepage of automation practice website
	at cucumber.api.testng.TestNGCucumberRunner.runCucumber(TestNGCucumberRunner.java:69)
	at cucumber.api.testng.AbstractTestNGCucumberTests.feature(AbstractTestNGCucumberTests.java:21)
	at java.util.concurrent.FutureTask.run(FutureTask.java:266)
	at java.util.concurrent.ThreadPoolExecutor.runWorker(ThreadPoolExecutor.java:1149)
	at java.util.concurrent.ThreadPoolExecutor$Worker.run(ThreadPoolExecutor.java:624)
	at java.lang.Thread.run(Thread.java:748)
Caused by: cucumber.runtime.CucumberException: Arity mismatch: Step Definition 'com.cucumber.AutomationPractice.Test_Steps.i_navigate_to_the_homepage_of_automation_practice_website(String) in file:/C:/Users/USER/git/AutomationPractice/AutomationPractice/target/test-classes/' with pattern [^i navigate to the homepage of automation practice website$] is declared with 1 parameters. However, the gherkin step has 0 arguments []. 
Step: Given i navigate to the homepage of automation practice website
	at cucumber.runtime.StepDefinitionMatch.arityMismatch(StepDefinitionMatch.java:102)
	at cucumber.runtime.StepDefinitionMatch.transformedArgs(StepDefinitionMatch.java:60)
	at cucumber.runtime.StepDefinitionMatch.runStep(StepDefinitionMatch.java:37)
	at cucumber.runtime.Runtime.runStep(Runtime.java:300)
	at cucumber.runtime.model.StepContainer.runStep(StepContainer.java:44)
	at cucumber.runtime.model.StepContainer.runSteps(StepContainer.java:39)
	at cucumber.runtime.model.CucumberScenario.runBackground(CucumberScenario.java:59)
	at cucumber.runtime.model.CucumberScenario.run(CucumberScenario.java:42)
	at cucumber.runtime.model.CucumberFeature.run(CucumberFeature.java:165)
	at cucumber.api.testng.TestNGCucumberRunner.runCucumber(TestNGCucumberRunner.java:63)
	... 21 more
... Removed 16 stack frames]]>
    </failure>
  </testcase> <!-- feature -->
  <testcase name="feature" time="0.036" classname="com.cucumber.AutomationPractice.BatchRunnerTest">
    <failure type="cucumber.runtime.CucumberException" message="cucumber.runtime.CucumberException: Arity mismatch: Step Definition &amp;apos;com.cucumber.AutomationPractice.Test_Steps.i_navigate_to_the_homepage_of_automation_practice_website(String) in file:/C:/Users/USER/git/AutomationPractice/AutomationPractice/target/test-classes/&amp;apos; with pattern [^i navigate to the homepage of automation practice website$] is declared with 1 parameters. However, the gherkin step has 0 arguments []. 
Step: Given i navigate to the homepage of automation practice website">
      <![CDATA[cucumber.runtime.CucumberException: cucumber.runtime.CucumberException: Arity mismatch: Step Definition 'com.cucumber.AutomationPractice.Test_Steps.i_navigate_to_the_homepage_of_automation_practice_website(String) in file:/C:/Users/USER/git/AutomationPractice/AutomationPractice/target/test-classes/' with pattern [^i navigate to the homepage of automation practice website$] is declared with 1 parameters. However, the gherkin step has 0 arguments []. 
Step: Given i navigate to the homepage of automation practice website
	at cucumber.api.testng.TestNGCucumberRunner.runCucumber(TestNGCucumberRunner.java:69)
	at cucumber.api.testng.AbstractTestNGCucumberTests.feature(AbstractTestNGCucumberTests.java:21)
	at java.util.concurrent.FutureTask.run(FutureTask.java:266)
	at java.util.concurrent.ThreadPoolExecutor.runWorker(ThreadPoolExecutor.java:1149)
	at java.util.concurrent.ThreadPoolExecutor$Worker.run(ThreadPoolExecutor.java:624)
	at java.lang.Thread.run(Thread.java:748)
Caused by: cucumber.runtime.CucumberException: Arity mismatch: Step Definition 'com.cucumber.AutomationPractice.Test_Steps.i_navigate_to_the_homepage_of_automation_practice_website(String) in file:/C:/Users/USER/git/AutomationPractice/AutomationPractice/target/test-classes/' with pattern [^i navigate to the homepage of automation practice website$] is declared with 1 parameters. However, the gherkin step has 0 arguments []. 
Step: Given i navigate to the homepage of automation practice website
	at cucumber.runtime.StepDefinitionMatch.arityMismatch(StepDefinitionMatch.java:102)
	at cucumber.runtime.StepDefinitionMatch.transformedArgs(StepDefinitionMatch.java:60)
	at cucumber.runtime.StepDefinitionMatch.runStep(StepDefinitionMatch.java:37)
	at cucumber.runtime.Runtime.runStep(Runtime.java:300)
	at cucumber.runtime.model.StepContainer.runStep(StepContainer.java:44)
	at cucumber.runtime.model.StepContainer.runSteps(StepContainer.java:39)
	at cucumber.runtime.model.CucumberScenario.run(CucumberScenario.java:44)
	at cucumber.runtime.model.CucumberFeature.run(CucumberFeature.java:165)
	at cucumber.api.testng.TestNGCucumberRunner.runCucumber(TestNGCucumberRunner.java:63)
	... 21 more
... Removed 16 stack frames]]>
    </failure>
  </testcase> <!-- feature -->
  <testcase name="feature" time="0.095" classname="com.cucumber.AutomationPractice.BatchRunnerTest">
    <failure type="cucumber.runtime.CucumberException" message="cucumber.runtime.CucumberException: Arity mismatch: Step Definition &amp;apos;com.cucumber.AutomationPractice.Test_Steps.i_navigate_to_the_homepage_of_automation_practice_website(String) in file:/C:/Users/USER/git/AutomationPractice/AutomationPractice/target/test-classes/&amp;apos; with pattern [^i navigate to the homepage of automation practice website$] is declared with 1 parameters. However, the gherkin step has 0 arguments []. 
Step: Given i navigate to the homepage of automation practice website">
      <![CDATA[cucumber.runtime.CucumberException: cucumber.runtime.CucumberException: Arity mismatch: Step Definition 'com.cucumber.AutomationPractice.Test_Steps.i_navigate_to_the_homepage_of_automation_practice_website(String) in file:/C:/Users/USER/git/AutomationPractice/AutomationPractice/target/test-classes/' with pattern [^i navigate to the homepage of automation practice website$] is declared with 1 parameters. However, the gherkin step has 0 arguments []. 
Step: Given i navigate to the homepage of automation practice website
	at cucumber.api.testng.TestNGCucumberRunner.runCucumber(TestNGCucumberRunner.java:69)
	at cucumber.api.testng.AbstractTestNGCucumberTests.feature(AbstractTestNGCucumberTests.java:21)
	at java.util.concurrent.FutureTask.run(FutureTask.java:266)
	at java.util.concurrent.ThreadPoolExecutor.runWorker(ThreadPoolExecutor.java:1149)
	at java.util.concurrent.ThreadPoolExecutor$Worker.run(ThreadPoolExecutor.java:624)
	at java.lang.Thread.run(Thread.java:748)
Caused by: cucumber.runtime.CucumberException: Arity mismatch: Step Definition 'com.cucumber.AutomationPractice.Test_Steps.i_navigate_to_the_homepage_of_automation_practice_website(String) in file:/C:/Users/USER/git/AutomationPractice/AutomationPractice/target/test-classes/' with pattern [^i navigate to the homepage of automation practice website$] is declared with 1 parameters. However, the gherkin step has 0 arguments []. 
Step: Given i navigate to the homepage of automation practice website
	at cucumber.runtime.StepDefinitionMatch.arityMismatch(StepDefinitionMatch.java:102)
	at cucumber.runtime.StepDefinitionMatch.transformedArgs(StepDefinitionMatch.java:60)
	at cucumber.runtime.StepDefinitionMatch.runStep(StepDefinitionMatch.java:37)
	at cucumber.runtime.Runtime.runStep(Runtime.java:300)
	at cucumber.runtime.model.StepContainer.runStep(StepContainer.java:44)
	at cucumber.runtime.model.StepContainer.runSteps(StepContainer.java:39)
	at cucumber.runtime.model.CucumberScenario.run(CucumberScenario.java:44)
	at cucumber.runtime.model.CucumberFeature.run(CucumberFeature.java:165)
	at cucumber.api.testng.TestNGCucumberRunner.runCucumber(TestNGCucumberRunner.java:63)
	... 21 more
... Removed 16 stack frames]]>
    </failure>
  </testcase> <!-- feature -->
  <testcase name="feature" time="0.012" classname="com.cucumber.AutomationPractice.BatchRunnerTest">
    <failure type="cucumber.runtime.CucumberException" message="cucumber.runtime.CucumberException: Arity mismatch: Step Definition &amp;apos;com.cucumber.AutomationPractice.Test_Steps.i_navigate_to_the_homepage_of_automation_practice_website(String) in file:/C:/Users/USER/git/AutomationPractice/AutomationPractice/target/test-classes/&amp;apos; with pattern [^i navigate to the homepage of automation practice website$] is declared with 1 parameters. However, the gherkin step has 0 arguments []. 
Step: Given i navigate to the homepage of automation practice website">
      <![CDATA[cucumber.runtime.CucumberException: cucumber.runtime.CucumberException: Arity mismatch: Step Definition 'com.cucumber.AutomationPractice.Test_Steps.i_navigate_to_the_homepage_of_automation_practice_website(String) in file:/C:/Users/USER/git/AutomationPractice/AutomationPractice/target/test-classes/' with pattern [^i navigate to the homepage of automation practice website$] is declared with 1 parameters. However, the gherkin step has 0 arguments []. 
Step: Given i navigate to the homepage of automation practice website
	at cucumber.api.testng.TestNGCucumberRunner.runCucumber(TestNGCucumberRunner.java:69)
	at cucumber.api.testng.AbstractTestNGCucumberTests.feature(AbstractTestNGCucumberTests.java:21)
	at java.util.concurrent.FutureTask.run(FutureTask.java:266)
	at java.util.concurrent.ThreadPoolExecutor.runWorker(ThreadPoolExecutor.java:1149)
	at java.util.concurrent.ThreadPoolExecutor$Worker.run(ThreadPoolExecutor.java:624)
	at java.lang.Thread.run(Thread.java:748)
Caused by: cucumber.runtime.CucumberException: Arity mismatch: Step Definition 'com.cucumber.AutomationPractice.Test_Steps.i_navigate_to_the_homepage_of_automation_practice_website(String) in file:/C:/Users/USER/git/AutomationPractice/AutomationPractice/target/test-classes/' with pattern [^i navigate to the homepage of automation practice website$] is declared with 1 parameters. However, the gherkin step has 0 arguments []. 
Step: Given i navigate to the homepage of automation practice website
	at cucumber.runtime.StepDefinitionMatch.arityMismatch(StepDefinitionMatch.java:102)
	at cucumber.runtime.StepDefinitionMatch.transformedArgs(StepDefinitionMatch.java:60)
	at cucumber.runtime.StepDefinitionMatch.runStep(StepDefinitionMatch.java:37)
	at cucumber.runtime.Runtime.runStep(Runtime.java:300)
	at cucumber.runtime.model.StepContainer.runStep(StepContainer.java:44)
	at cucumber.runtime.model.StepContainer.runSteps(StepContainer.java:39)
	at cucumber.runtime.model.CucumberScenario.run(CucumberScenario.java:44)
	at cucumber.runtime.model.CucumberFeature.run(CucumberFeature.java:165)
	at cucumber.api.testng.TestNGCucumberRunner.runCucumber(TestNGCucumberRunner.java:63)
	... 20 more
... Removed 15 stack frames]]>
    </failure>
  </testcase> <!-- feature -->
</testsuite> <!-- IETest -->
